reports/org-jetbrains-kotlin-android/2-0-21-to-2-3-21/run-26309935574/phase1/before/shared/build/outputs/logs/manifest-merger-release-report.txt
-- Merging decision tree log ---
manifest
ADDED from ProcessLibraryManifest/release/tempAndroidManifest14780836159923146733.xml:2:13-83
INJECTED from ProcessLibraryManifest/release/tempAndroidManifest14780836159923146733.xml:2:13-83
	package
		INJECTED from ProcessLibraryManifest/release/tempAndroidManifest14780836159923146733.xml
	xmlns:android
		ADDED from ProcessLibraryManifest/release/tempAndroidManifest14780836159923146733.xml:2:23-81
uses-sdk
INJECTED from ProcessLibraryManifest/release/tempAndroidManifest14780836159923146733.xml reason: use-sdk injection requested
INJECTED from ProcessLibraryManifest/release/tempAndroidManifest14780836159923146733.xml
INJECTED from ProcessLibraryManifest/release/tempAndroidManifest14780836159923146733.xml
	android:targetSdkVersion
		INJECTED from ProcessLibraryManifest/release/tempAndroidManifest14780836159923146733.xml
	android:minSdkVersion
		INJECTED from ProcessLibraryManifest/release/tempAndroidManifest14780836159923146733.xml